Downloads/UnifiedNotes-master2/UnifiedNotes-master/library/build/outputs/logs/manifest-merger-debug-report.txt
-- Merging decision tree log ---
manifest
ADDED from src\main\AndroidManifest.xml:3:1-13:12
INJECTED from src\main\AndroidManifest.xml:3:1-13:12
INJECTED from src\main\AndroidManifest.xml:3:1-13:12
	package
		ADDED from src\main\AndroidManifest.xml:4:5-38
		INJECTED from src\main\AndroidManifest.xml
		INJECTED from src\main\AndroidManifest.xml
	xmlns:android
		ADDED from src\main\AndroidManifest.xml:3:11-69
uses-permission#android.permission.INTERNET
ADDED from src\main\AndroidManifest.xml:6:5-66
	android:name
		ADDED from src\main\AndroidManifest.xml:6:22-64
application
ADDED from src\main\AndroidManifest.xml:8:5-11:19
activity#com.evernote.client.android.EvernoteOAuthActivity
ADDED from src\main\AndroidManifest.xml:9:9-85
	android:name
		ADDED from src\main\AndroidManifest.xml:9:19-83
activity#com.evernote.client.android.login.EvernoteLoginActivity
ADDED from src\main\AndroidManifest.xml:10:9-91
	android:name
		ADDED from src\main\AndroidManifest.xml:10:19-89
uses-sdk
INJECTED from src\main\AndroidManifest.xml reason: use-sdk injection requested
INJECTED from src\main\AndroidManifest.xml
INJECTED from src\main\AndroidManifest.xml
INJECTED from src\main\AndroidManifest.xml
INJECTED from src\main\AndroidManifest.xml
	android:targetSdkVersion
		INJECTED from src\main\AndroidManifest.xml
		ADDED from src\main\AndroidManifest.xml
		INJECTED from src\main\AndroidManifest.xml
	android:minSdkVersion
		INJECTED from src\main\AndroidManifest.xml
		ADDED from src\main\AndroidManifest.xml
		INJECTED from src\main\AndroidManifest.xml